kiteconnect.ticker - ERROR - Connection error: 1006 - connection was closed uncleanly (None)
kiteconnect.ticker - ERROR - Connection closed: 1006 - connection was closed uncleanly (None)
kiteconnect.ticker - ERROR - Connection error: 1006 - connection was closed uncleanly (None)
kiteconnect.ticker - ERROR - Connection closed: 1006 - connection was closed uncleanly (None)
kiteconnect.ticker - ERROR - Retrying connection. Retry attempt count: 1. Next retry in around: 3 seconds
kiteconnect.ticker - ERROR - Retrying connection. Retry attempt count: 2. Next retry in around: 7 seconds
kiteconnect.ticker - ERROR - Retrying connection. Retry attempt count: 3. Next retry in around: 15 seconds
kiteconnect.ticker - ERROR - Retrying connection. Retry attempt count: 4. Next retry in around: 54 seconds
kiteconnect.ticker - ERROR - Connection error: 1006 - connection was closed uncleanly (peer dropped the TCP connection without previous WebSocket closing handshake)
kiteconnect.ticker - ERROR - Connection closed: 1006 - connection was closed uncleanly (peer dropped the TCP connection without previous WebSocket closing handshake)
kiteconnect.ticker - ERROR - Connection error: 1006 - connection was closed uncleanly (None)
kiteconnect.ticker - ERROR - Connection closed: 1006 - connection was closed uncleanly (None)
kiteconnect.ticker - ERROR - Connection error: 1006 - connection was closed uncleanly (None)
kiteconnect.ticker - ERROR - Connection closed: 1006 - connection was closed uncleanly (None)
kiteconnect.ticker - ERROR - Connection error: 1006 - connection was closed uncleanly (None)
kiteconnect.ticker - ERROR - Connection closed: 1006 - connection was closed uncleanly (None)
kiteconnect.ticker - ERROR - Connection error: 1006 - connection was closed uncleanly (peer dropped the TCP connection without previous WebSocket closing handshake)
kiteconnect.ticker - ERROR - Connection closed: 1006 - connection was closed uncleanly (peer dropped the TCP connection without previous WebSocket closing handshake)
kiteconnect.ticker - ERROR - Connection error: 1006 - connection was closed uncleanly (None)
kiteconnect.ticker - ERROR - Connection closed: 1006 - connection was closed uncleanly (None)
kiteconnect.ticker - ERROR - Retrying connection. Retry attempt count: 1. Next retry in around: 3 seconds
kiteconnect.ticker - ERROR - Retrying connection. Retry attempt count: 2. Next retry in around: 6 seconds
kiteconnect.ticker - ERROR - Connection error: 1006 - connection was closed uncleanly (None)
kiteconnect.ticker - ERROR - Connection closed: 1006 - connection was closed uncleanly (None)
kiteconnect.ticker - ERROR - Connection error: 1006 - connection was closed uncleanly (None)
kiteconnect.ticker - ERROR - Connection closed: 1006 - connection was closed uncleanly (None)
kiteconnect.ticker - ERROR - Connection error: 1006 - connection was closed uncleanly (None)
kiteconnect.ticker - ERROR - Connection closed: 1006 - connection was closed uncleanly (None)
kiteconnect.ticker - ERROR - Connection error: 1006 - connection was closed uncleanly (None)
kiteconnect.ticker - ERROR - Connection closed: 1006 - connection was closed uncleanly (None)
kiteconnect.ticker - ERROR - Retrying connection. Retry attempt count: 1. Next retry in around: 3 seconds
kiteconnect.ticker - ERROR - Retrying connection. Retry attempt count: 2. Next retry in around: 7 seconds
kiteconnect.ticker - ERROR - Retrying connection. Retry attempt count: 3. Next retry in around: 17 seconds
kiteconnect.ticker - ERROR - Retrying connection. Retry attempt count: 4. Next retry in around: 43 seconds
kiteconnect.ticker - ERROR - Connection error: 1006 - connection was closed uncleanly (None)
kiteconnect.ticker - ERROR - Connection closed: 1006 - connection was closed uncleanly (None)
kiteconnect.ticker - ERROR - Connection error: 1006 - connection was closed uncleanly (None)
kiteconnect.ticker - ERROR - Connection closed: 1006 - connection was closed uncleanly (None)
kiteconnect.ticker - ERROR - Retrying connection. Retry attempt count: 1. Next retry in around: 3 seconds
kiteconnect.ticker - ERROR - Retrying connection. Retry attempt count: 2. Next retry in around: 9 seconds
kiteconnect.ticker - ERROR - Retrying connection. Retry attempt count: 3. Next retry in around: 27 seconds
kiteconnect.ticker - ERROR - Retrying connection. Retry attempt count: 4. Next retry in around: 47 seconds
kiteconnect.ticker - ERROR - Connection error: 1006 - connection was closed uncleanly (None)
kiteconnect.ticker - ERROR - Connection closed: 1006 - connection was closed uncleanly (None)
kiteconnect.ticker - ERROR - Retrying connection. Retry attempt count: 1. Next retry in around: 2 seconds
kiteconnect.ticker - ERROR - Retrying connection. Retry attempt count: 2. Next retry in around: 6 seconds
kiteconnect.ticker - ERROR - Retrying connection. Retry attempt count: 3. Next retry in around: 17 seconds
kiteconnect.ticker - ERROR - Retrying connection. Retry attempt count: 4. Next retry in around: 49 seconds
kiteconnect.ticker - ERROR - Connection error: 1006 - connection was closed uncleanly (peer dropped the TCP connection without previous WebSocket closing handshake)
kiteconnect.ticker - ERROR - Connection closed: 1006 - connection was closed uncleanly (peer dropped the TCP connection without previous WebSocket closing handshake)
kiteconnect.ticker - ERROR - Retrying connection. Retry attempt count: 1. Next retry in around: 3 seconds
kiteconnect.ticker - ERROR - Connection error: 1006 - connection was closed uncleanly (peer dropped the TCP connection without previous WebSocket closing handshake)
kiteconnect.ticker - ERROR - Connection closed: 1006 - connection was closed uncleanly (peer dropped the TCP connection without previous WebSocket closing handshake)
kiteconnect.ticker - ERROR - Connection error: 1006 - connection was closed uncleanly (None)
kiteconnect.ticker - ERROR - Connection closed: 1006 - connection was closed uncleanly (None)
kiteconnect.ticker - ERROR - Retrying connection. Retry attempt count: 1. Next retry in around: 3 seconds
kiteconnect.ticker - ERROR - Retrying connection. Retry attempt count: 2. Next retry in around: 9 seconds
kiteconnect.ticker - ERROR - Retrying connection. Retry attempt count: 3. Next retry in around: 27 seconds
kiteconnect.ticker - ERROR - Retrying connection. Retry attempt count: 4. Next retry in around: 60 seconds
kiteconnect.ticker - ERROR - Connection error: 1006 - connection was closed uncleanly (None)
kiteconnect.ticker - ERROR - Connection closed: 1006 - connection was closed uncleanly (None)
kiteconnect.ticker - ERROR - Retrying connection. Retry attempt count: 1. Next retry in around: 2 seconds
kiteconnect.ticker - ERROR - Retrying connection. Retry attempt count: 2. Next retry in around: 7 seconds
kiteconnect.ticker - ERROR - Retrying connection. Retry attempt count: 3. Next retry in around: 18 seconds
kiteconnect.ticker - ERROR - Retrying connection. Retry attempt count: 4. Next retry in around: 48 seconds
